C51 COMPILER V9.03   CODE                                                                  10/06/2015 11:13:38 PAGE 1   


C51 COMPILER V9.03, COMPILATION OF MODULE CODE
OBJECT MODULE PLACED IN code.OBJ
COMPILER INVOKED BY: C:\Keil\C51\BIN\C51.EXE code.c BROWSE DEBUG OBJECTEXTEND

line level    source

   1          /*  Name     : code.c
   2           *  Purpose  : Main file for using timer0 to generate delay in 8051.
   3           *  Author   : M.Saeed Yasin
   4           *  Date     : 14-06-12
   5           *  Revision : None
   6           */
   7          #include<reg51.h>
   8          
   9          // Out Pin
  10          sbit Out = P2^0;                   // Pin P2.0 is named as Out
  11          
  12          //Function declarations
  13          void cct_init(void);
  14          void delay_usec(unsigned int);
  15          
  16          // Global Variables
  17          unsigned char TimeUp = 0;  // variable used to generate delay
  18          
  19          // Main function
  20          int main(void)
  21          {
  22   1         cct_init();                 // Make all ports zero
  23   1       
  24   1         while(1)                // Rest is done in Timer0 interrupt
  25   1         {
  26   2                      Out = 1;                   // Make out pin high
  27   2                      delay_usec(1000);  // Generate a delay of 1000 usec
  28   2                      Out = 0;                   // Make out pin low
  29   2                      delay_usec(1000);  // Generate a delay of 1000 usec
  30   2         }
  31   1      }
  32          
  33          // Circuit Initialize function
  34          void cct_init(void)
  35          {
  36   1              P0 = 0x00;   
  37   1              P1 = 0x00;   
  38   1              P2 = 0x00;   
  39   1              P3 = 0x00;  
  40   1      }
  41          
  42          // Delay function, it generates delay in micro seconds
  43          void delay_usec(unsigned int d)   // d can have a value from 0 to 65535 only.
  44          {
  45   1              TMOD &= 0xF0;    // Clear 4bit field for timer0
  46   1              TMOD |= 0x01;    // Set timer0 in mode 1 = 16bit mode
  47   1              
  48   1              TH0  = (0xFF - (d>>8)&0xFF);    // Load timer0 registers with 
  49   1              TL0  = (0xFF - d&0xFF) + 0x26;          // delay value                                                     
  50   1              
  51   1              ET0 = 1;         // Enable Timer0 interrupts
  52   1              EA  = 1;         // Global interrupt enable
  53   1              
  54   1              TimeUp = 0;      // When timer expires then this variable will become 1
  55   1      
C51 COMPILER V9.03   CODE                                                                  10/06/2015 11:13:38 PAGE 2   

  56   1              TR0 = 1;         // Start Timer 0
  57   1      
  58   1              while(!TimeUp);  // Wait for timeup
  59   1      
  60   1              TR0 = 0;         // Done
  61   1      }
  62          
  63          // Timer0 ISR function
  64          void Timer0_ISR (void) interrupt 1   // It is called after every 250usec
  65          {
  66   1              TimeUp = 1;  // Make TimeUp variable 1 to indicate timer0 overflow
  67   1              TF0 = 0;     // Clear the interrupt flag
  68   1      }
  69          


MODULE INFORMATION:   STATIC OVERLAYABLE
   CODE SIZE        =     79    ----
   CONSTANT SIZE    =   ----    ----
   XDATA SIZE       =   ----    ----
   PDATA SIZE       =   ----    ----
   DATA SIZE        =      1    ----
   IDATA SIZE       =   ----    ----
   BIT SIZE         =   ----    ----
END OF MODULE INFORMATION.


C51 COMPILATION COMPLETE.  0 WARNING(S),  0 ERROR(S)
