C51 COMPILER V9.02   CODE                                                                  06/09/2012 14:11:31 PAGE 1   


C51 COMPILER V9.02, COMPILATION OF MODULE CODE
OBJECT MODULE PLACED IN code.OBJ
COMPILER INVOKED BY: C:\Keil\C51\BIN\C51.EXE code.c BROWSE DEBUG OBJECTEXTEND

line level    source

   1          /*  Name     : code.c
   2           *  Purpose  : Main file for making free running counter using 8051.
   3           *  Author   : M.Saeed Yasin
   4           *  Date     : 09-06-12
   5           *  Revision : None
   6           */
   7          #include<reg51.h>
   8          
   9          // Function declarations
  10          void cct_init(void);
  11          void delay(int);
  12          void DisplayOn7Segment(char);
  13          
  14          // Pin description
  15          /* P2 is used for 7 segment
  16          P2.0 is attached with 'A' segment 
  17          P2.1 is attached with 'B' segment 
  18          P2.2 is attached with 'C' segment 
  19          P2.3 is attached with 'D' segment 
  20          P2.4 is attached with 'E' segment 
  21          P2.5 is attached with 'F' segment 
  22          P2.6 is attached with 'G' segment 
  23          */
  24          
  25          // Main function
  26          int main(void)
  27          {
  28   1         char ch = '0';                 // Character to be displayed on 7seg
  29   1      
  30   1         cct_init();                    // Make all ports zero        
  31   1      
  32   1         while(1)           
  33   1         {
  34   2              DisplayOn7Segment(ch);    // Display ch on 7seg
  35   2              delay(30000);                     // About 1 sec delay
  36   2      
  37   2              switch(ch)                                // Update ch with new value to be displayed
  38   2              {
  39   3                      case '0':       ch = '1';  break;
  40   3                      case '1':       ch = '2';  break;
  41   3                      case '2':       ch = '3';  break;
  42   3                      case '3':       ch = '4';  break;
  43   3                      case '4':       ch = '5';  break;
  44   3                      case '5':       ch = '6';  break;
  45   3                      case '6':       ch = '7';  break;
  46   3                      case '7':       ch = '8';  break;
  47   3                      case '8':       ch = '9';  break;
  48   3                      case '9':       ch = 'A';  break;
  49   3                      case 'A':       ch = 'B';  break;
  50   3                      case 'B':       ch = 'C';  break;
  51   3                      case 'C':       ch = 'D';  break;
  52   3                      case 'D':       ch = 'E';  break;
  53   3                      case 'E':       ch = 'F';  break;
  54   3                      case 'F':       ch = '0';  break;
  55   3              
C51 COMPILER V9.02   CODE                                                                  06/09/2012 14:11:31 PAGE 2   

  56   3                      default: ch = '0';  break;
  57   3              }
  58   2         }
  59   1      }
  60          
  61          void cct_init(void)
  62          {
  63   1              P0 = 0x00;   
  64   1              P1 = 0x00;   
  65   1              P2 = 0x00;   
  66   1              P3 = 0x00;  
  67   1      }
  68          
  69          void delay(int a)
  70          {
  71   1         int i;
  72   1         for(i=0;i<a;i++);   //null statement
  73   1      }
  74          
  75          void DisplayOn7Segment(char ch)   // ch can have a value from '0' to 'F' onnly
  76          {
  77   1              switch(ch)
  78   1              {
  79   2                      case '0':       P2 = 0x3F;  break;
  80   2                      case '1':       P2 = 0x06;  break;
  81   2                      case '2':       P2 = 0x5B;  break;
  82   2                      case '3':       P2 = 0x4F;  break;
  83   2                      case '4':       P2 = 0x66;  break;
  84   2                      case '5':       P2 = 0x6D;  break;
  85   2                      case '6':       P2 = 0x7D;  break;
  86   2                      case '7':       P2 = 0x07;  break;
  87   2                      case '8':       P2 = 0x7F;  break;
  88   2                      case '9':       P2 = 0x6F;  break;
  89   2                      case 'A':       P2 = 0x77;  break;
  90   2                      case 'B':       P2 = 0x7C;  break;
  91   2                      case 'C':       P2 = 0x39;  break;
  92   2                      case 'D':       P2 = 0x5E;  break;
  93   2                      case 'E':       P2 = 0x79;  break;
  94   2                      case 'F':       P2 = 0x71;  break;
  95   2      
  96   2                      default: P2 = 0x3F;  break;
  97   2              }       
  98   1      }


MODULE INFORMATION:   STATIC OVERLAYABLE
   CODE SIZE        =    322    ----
   CONSTANT SIZE    =   ----    ----
   XDATA SIZE       =   ----    ----
   PDATA SIZE       =   ----    ----
   DATA SIZE        =   ----       1
   IDATA SIZE       =   ----    ----
   BIT SIZE         =   ----    ----
END OF MODULE INFORMATION.


C51 COMPILATION COMPLETE.  0 WARNING(S),  0 ERROR(S)
