C51 COMPILER V9.02   LCD                                                                   04/19/2013 17:39:35 PAGE 1   


C51 COMPILER V9.02, COMPILATION OF MODULE LCD
OBJECT MODULE PLACED IN LCD.OBJ
COMPILER INVOKED BY: C:\Keil\C51\BIN\C51.EXE LCD.c BROWSE DEBUG OBJECTEXTEND

line level    source

   1          #include "Includes.h"
   2          
   3          
   4          // Function Purpose: Produce approximate delay in Secs.
   5          void delay_sec(unsigned int d)
   6          {
   7   1         unsigned int i;
   8   1      
   9   1         for(i=0;i<(d*20);i++)
  10   1                      __delay_us(50000);
  11   1      }
  12          
  13          
  14          // Function Purpose: Produce approximate delay in given uSecs.
  15          void __delay_us(unsigned int d)
  16          {
  17   1         unsigned int i, limit;
  18   1         limit = d/15;
  19   1      
  20   1         for(i=0;i<limit;i++);
  21   1      }
  22          
  23          void ToggleEpinOfLCD(void)
  24          {
  25   1              E = 1;                // Give a pulse on E pin
  26   1              __delay_us(E_Delay);  // so that LCD can latch the
  27   1              E = 0;                // data from data bus
  28   1              __delay_us(E_Delay);    
  29   1      }
  30          
  31          void WriteDataToLCD(char t)
  32          {
  33   1         RS = 1;             // This is data
  34   1      
  35   1         P1 &= 0x0F;             // Make P1.4 to P1.7 zero
  36   1         P1 |= (t&0xF0);     // Write Upper nibble of data
  37   1         ToggleEpinOfLCD();  // Toggle E pin to send data 
  38   1      
  39   1         P1 &= 0x0F;             // Make P1.4 to P1.7 zero
  40   1         P1 |= ((t<<4)&0xF0);// Write Lower nibble of data
  41   1         ToggleEpinOfLCD();  // Toggle E pin to send data 
  42   1      }
  43          
  44          
  45          void WriteCommandToLCD(int z)
  46          {
  47   1         RS = 0;             // This is command
  48   1      
  49   1         P1 &= 0x0F;             // Make P1.4 to P1.7 zero
  50   1         P1 |= (z&0xF0);     // Write Upper nibble of data
  51   1         ToggleEpinOfLCD();  // Toggle E pin to send data 
  52   1      
  53   1         P1 &= 0x0F;             // Make P1.4 to P1.7 zero
  54   1         P1 |= ((z<<4)&0xF0);// Write Lower nibble of data
  55   1         ToggleEpinOfLCD();  // Toggle E pin to send data 
C51 COMPILER V9.02   LCD                                                                   04/19/2013 17:39:35 PAGE 2   

  56   1      }
  57          
  58          void InitLCD(void)
  59          {
  60   1              RS = 0;                 // Make pin zero
  61   1              E  = 0;                 // Make Pin zero                                        
  62   1      
  63   1        ///////////// Reset process from datasheet /////////
  64   1           __delay_us(15000);
  65   1      
  66   1               P1 &= 0x0F;               // Make P1.4 to P1.7 zero
  67   1               P1 |= 0x30;               // Write 0x3
  68   1           ToggleEpinOfLCD();    // Toggle E pin to send data 
  69   1      
  70   1           __delay_us(4500);
  71   1      
  72   1               P1 &= 0x0F;               // Make P1.4 to P1.7 zero
  73   1               P1 |= 0x30;               // Write 0x3
  74   1           ToggleEpinOfLCD();    // Toggle E pin to send data 
  75   1      
  76   1           __delay_us(300);
  77   1      
  78   1               P1 &= 0x0F;               // Make P1.4 to P1.7 zero
  79   1               P1 |= 0x30;               // Write 0x3
  80   1           ToggleEpinOfLCD();    // Toggle E pin to send data 
  81   1      
  82   1           __delay_us(650);
  83   1      
  84   1               P1 &= 0x0F;               // Make P1.4 to P1.7 zero
  85   1               P1 |= 0x20;               // Write 0x2
  86   1           ToggleEpinOfLCD();    // Toggle E pin to send data 
  87   1      
  88   1               __delay_us(650);
  89   1      
  90   1        /////////////////////////////////////////////////////
  91   1         WriteCommandToLCD(0x28);    //function set
  92   1         WriteCommandToLCD(0x0c);    //display on,cursor off,blink off
  93   1         WriteCommandToLCD(0x01);    //clear display
  94   1         WriteCommandToLCD(0x06);    //entry mode, set increment
  95   1      }
  96          
  97          
  98          void WriteStringToLCD(const char *s)
  99          {
 100   1              while(*s)
 101   1                      WriteDataToLCD(*s++);   // print first character on LCD 
 102   1      }
 103          
 104          
 105          void ClearLCDScreen(void)       // Clear the Screen and return cursor to zero position
 106          {
 107   1              WriteCommandToLCD(0x01);    // Clear the screen
 108   1              __delay_us(2000);           // Delay for cursor to return at zero position
 109   1      }


MODULE INFORMATION:   STATIC OVERLAYABLE
   CODE SIZE        =    284    ----
   CONSTANT SIZE    =   ----    ----
   XDATA SIZE       =   ----    ----
   PDATA SIZE       =   ----    ----
   DATA SIZE        =   ----       7
C51 COMPILER V9.02   LCD                                                                   04/19/2013 17:39:35 PAGE 3   

   IDATA SIZE       =   ----    ----
   BIT SIZE         =   ----    ----
END OF MODULE INFORMATION.


C51 COMPILATION COMPLETE.  0 WARNING(S),  0 ERROR(S)
